[2021-01-19 11:01:21,909]-[util.py]-[WARNING]:打开了浏览器，输入项目地址
[2021-01-19 11:01:27,613]-[util.py]-[WARNING]:试验名称:绝缘油溶解气体试验
[2021-01-19 11:03:15,413]-[util.py]-[WARNING]:查询成功！查询结果未:['绝缘油溶解气体试验', '测试变电站', '测试变压器1', '预防性试验']
[2021-01-19 11:03:42,412]-[util.py]-[WARNING]:试验名称:绕组直流电阻试验
[2021-01-19 11:05:13,971]-[util.py]-[WARNING]:准备Back1
[2021-01-19 11:05:18,159]-[util.py]-[WARNING]:Back1成功
[2021-01-19 11:05:18,159]-[util.py]-[WARNING]:准备Back2
[2021-01-19 11:05:22,325]-[util.py]-[WARNING]:Back成功2
[2021-01-19 11:05:22,325]-[util.py]-[WARNING]:测试失败Message: no such element: Unable to locate element: {"method":"xpath","selector":"/html/body/div/div[1]/div[1]/ul/li[1]/span"}
  (Session info: chrome=87.0.4280.141)

[2021-01-19 11:05:45,178]-[util.py]-[WARNING]:试验名称:绕组绝缘电阻试验
[2021-01-19 11:07:25,892]-[util.py]-[WARNING]:准备Back1
[2021-01-19 11:07:29,988]-[util.py]-[WARNING]:Back1成功
[2021-01-19 11:07:29,989]-[util.py]-[WARNING]:准备Back2
[2021-01-19 11:07:34,141]-[util.py]-[WARNING]:Back成功2
[2021-01-19 11:07:34,142]-[util.py]-[WARNING]:测试失败Message: no such element: Unable to locate element: {"method":"xpath","selector":"//*[@id="home"]/main/div/div/div[2]/table/tr[7]/td[2]/div/span"}
  (Session info: chrome=87.0.4280.141)

[2021-01-19 11:07:57,096]-[util.py]-[WARNING]:试验名称:绕组绝缘电阻的介损和电容
[2021-01-19 11:09:36,983]-[util.py]-[WARNING]:准备Back1
[2021-01-19 11:09:41,107]-[util.py]-[WARNING]:Back1成功
[2021-01-19 11:09:41,107]-[util.py]-[WARNING]:准备Back2
[2021-01-19 11:09:45,232]-[util.py]-[WARNING]:Back成功2
[2021-01-19 11:09:45,233]-[util.py]-[WARNING]:测试失败Message: no such element: Unable to locate element: {"method":"xpath","selector":"//*[@id="home"]/main/div/div/div[2]/table/tr[7]/td[2]/div/span"}
  (Session info: chrome=87.0.4280.141)

[2021-01-19 11:10:08,102]-[util.py]-[WARNING]:试验名称:套管的介损和电容
[2021-01-19 11:11:47,509]-[util.py]-[WARNING]:准备Back1
[2021-01-19 11:11:51,668]-[util.py]-[WARNING]:Back1成功
[2021-01-19 11:11:51,669]-[util.py]-[WARNING]:准备Back2
[2021-01-19 11:11:55,813]-[util.py]-[WARNING]:Back成功2
[2021-01-19 11:11:55,814]-[util.py]-[WARNING]:测试失败Message: no such element: Unable to locate element: {"method":"xpath","selector":"//*[@id="home"]/main/div/div/div[2]/table/tr[7]/td[2]/div/span"}
  (Session info: chrome=87.0.4280.141)

[2021-01-19 11:12:18,667]-[util.py]-[WARNING]:试验名称:交流外施耐压试验
[2021-01-19 11:13:57,557]-[util.py]-[WARNING]:准备Back1
[2021-01-19 11:14:01,710]-[util.py]-[WARNING]:Back1成功
[2021-01-19 11:14:01,710]-[util.py]-[WARNING]:准备Back2
[2021-01-19 11:14:05,864]-[util.py]-[WARNING]:Back成功2
[2021-01-19 11:14:05,864]-[util.py]-[WARNING]:测试失败Message: no such element: Unable to locate element: {"method":"xpath","selector":"//*[@id="home"]/main/div/div/div[2]/table/tr[7]/td[2]/div/span"}
  (Session info: chrome=87.0.4280.141)

[2021-01-19 11:14:28,744]-[util.py]-[WARNING]:试验名称:铁心、夹件绝缘电阻试验
[2021-01-19 11:16:07,336]-[util.py]-[WARNING]:准备Back1
[2021-01-19 11:16:11,426]-[util.py]-[WARNING]:Back1成功
[2021-01-19 11:16:11,427]-[util.py]-[WARNING]:准备Back2
[2021-01-19 11:16:15,528]-[util.py]-[WARNING]:Back成功2
[2021-01-19 11:16:15,529]-[util.py]-[WARNING]:测试失败Message: no such element: Unable to locate element: {"method":"xpath","selector":"//*[@id="home"]/main/div/div/div[2]/table/tr[7]/td[2]/div/span"}
  (Session info: chrome=87.0.4280.141)

[2021-01-19 11:16:38,357]-[util.py]-[WARNING]:试验名称:绕组泄露电流
[2021-01-19 11:18:17,610]-[util.py]-[WARNING]:准备Back1
[2021-01-19 11:18:21,754]-[util.py]-[WARNING]:Back1成功
[2021-01-19 11:18:21,755]-[util.py]-[WARNING]:准备Back2
[2021-01-19 11:18:25,892]-[util.py]-[WARNING]:Back成功2
[2021-01-19 11:18:25,892]-[util.py]-[WARNING]:测试失败Message: no such element: Unable to locate element: {"method":"xpath","selector":"//*[@id="home"]/main/div/div/div[2]/table/tr[7]/td[2]/div/span"}
  (Session info: chrome=87.0.4280.141)

[2021-01-19 11:18:48,878]-[util.py]-[WARNING]:试验名称:电压比和联结组标号检定
[2021-01-19 11:20:32,128]-[util.py]-[WARNING]:准备Back1
[2021-01-19 11:20:36,314]-[util.py]-[WARNING]:Back1成功
[2021-01-19 11:20:36,314]-[util.py]-[WARNING]:准备Back2
[2021-01-19 11:20:40,458]-[util.py]-[WARNING]:Back成功2
[2021-01-19 11:20:40,458]-[util.py]-[WARNING]:测试失败Message: no such element: Unable to locate element: {"method":"xpath","selector":"//*[@id="home"]/main/div/div/div[2]/table/tr[7]/td[2]/div/span"}
  (Session info: chrome=87.0.4280.141)

[2021-01-19 11:21:03,316]-[util.py]-[WARNING]:试验名称:三相变压器/单相变压器极性检定
[2021-01-19 11:22:42,408]-[util.py]-[WARNING]:准备Back1
[2021-01-19 11:22:46,530]-[util.py]-[WARNING]:Back1成功
[2021-01-19 11:22:46,531]-[util.py]-[WARNING]:准备Back2
[2021-01-19 11:22:50,617]-[util.py]-[WARNING]:Back成功2
[2021-01-19 11:22:50,618]-[util.py]-[WARNING]:测试失败Message: no such element: Unable to locate element: {"method":"xpath","selector":"//*[@id="home"]/main/div/div/div[2]/table/tr[7]/td[2]/div/span"}
  (Session info: chrome=87.0.4280.141)

[2021-01-19 11:23:13,536]-[util.py]-[WARNING]:试验名称:空载损耗和空载电流试验
[2021-01-19 11:24:56,043]-[util.py]-[WARNING]:准备Back1
[2021-01-19 11:25:00,192]-[util.py]-[WARNING]:Back1成功
[2021-01-19 11:25:00,192]-[util.py]-[WARNING]:准备Back2
[2021-01-19 11:25:04,339]-[util.py]-[WARNING]:Back成功2
[2021-01-19 11:25:04,339]-[util.py]-[WARNING]:测试失败Message: no such element: Unable to locate element: {"method":"xpath","selector":"//*[@id="home"]/main/div/div/div[2]/table/tr[7]/td[2]/div/span"}
  (Session info: chrome=87.0.4280.141)

[2021-01-19 11:25:34,369]-[util.py]-[WARNING]:试验名称:短路阻抗和负载损耗试验
[2021-01-19 11:27:24,188]-[util.py]-[WARNING]:准备Back1
[2021-01-19 11:27:28,327]-[util.py]-[WARNING]:Back1成功
[2021-01-19 11:27:28,328]-[util.py]-[WARNING]:准备Back2
[2021-01-19 11:27:32,483]-[util.py]-[WARNING]:Back成功2
[2021-01-19 11:27:32,484]-[util.py]-[WARNING]:测试失败Message: no such element: Unable to locate element: {"method":"xpath","selector":"//*[@id="home"]/main/div/div/div[2]/table/tr[7]/td[2]/div/span"}
  (Session info: chrome=87.0.4280.141)

[2021-01-19 11:28:02,554]-[util.py]-[WARNING]:试验名称:短时感应电压试验
[2021-01-19 11:29:03,482]-[util.py]-[WARNING]:准备Back1
[2021-01-19 11:29:19,671]-[util.py]-[WARNING]:试验名称:长时感应电压试验
[2021-01-19 11:29:29,902]-[util.py]-[WARNING]:准备Back1
[2021-01-19 11:29:46,073]-[util.py]-[WARNING]:试验名称:有载分接开关试验
[2021-01-19 11:29:56,317]-[util.py]-[WARNING]:准备Back1
[2021-01-19 11:30:12,415]-[util.py]-[WARNING]:试验名称:气体继电器检测
[2021-01-19 11:30:22,643]-[util.py]-[WARNING]:准备Back1
[2021-01-19 11:30:38,803]-[util.py]-[WARNING]:试验名称:压力释放器检测
[2021-01-19 11:30:49,019]-[util.py]-[WARNING]:准备Back1
[2021-01-19 11:31:05,144]-[util.py]-[WARNING]:试验名称:冷却装置检测试验
[2021-01-19 11:31:15,409]-[util.py]-[WARNING]:准备Back1
[2021-01-19 11:31:31,534]-[util.py]-[WARNING]:试验名称:套管电流互感器绝缘试验
[2021-01-19 11:31:41,908]-[util.py]-[WARNING]:准备Back1
[2021-01-19 11:31:58,037]-[util.py]-[WARNING]:试验名称:测温装置检测
[2021-01-19 11:32:08,433]-[util.py]-[WARNING]:准备Back1
[2021-01-19 11:32:24,566]-[util.py]-[WARNING]:试验名称:绝缘油试验
[2021-01-19 11:32:34,919]-[util.py]-[WARNING]:准备Back1
[2021-01-19 11:32:51,125]-[util.py]-[WARNING]:试验名称:振动测量
[2021-01-19 11:33:01,410]-[util.py]-[WARNING]:准备Back1
[2021-01-19 11:33:17,622]-[util.py]-[WARNING]:试验名称:噪声测量
[2021-01-19 11:33:27,999]-[util.py]-[WARNING]:准备Back1
[2021-01-19 11:33:49,531]-[util.py]-[WARNING]:打开了浏览器，输入项目地址
[2021-01-19 11:33:55,056]-[util.py]-[WARNING]:试验名称:绝缘油溶解气体试验
[2021-01-19 11:35:29,371]-[util.py]-[WARNING]:测试失败Message: chrome not reachable
  (Session info: chrome=87.0.4280.141)

[2021-01-19 11:35:42,391]-[util.py]-[WARNING]:试验名称:绕组直流电阻试验
[2021-01-19 11:35:54,407]-[util.py]-[WARNING]:测试失败Message: chrome not reachable
  (Session info: chrome=87.0.4280.141)

[2021-01-19 11:36:07,441]-[util.py]-[WARNING]:试验名称:绕组绝缘电阻试验
[2021-01-19 11:36:19,469]-[util.py]-[WARNING]:测试失败Message: chrome not reachable
  (Session info: chrome=87.0.4280.141)

